\BOOKMARK [1][-]{section*.2}{\376\377\000C\000o\000p\000y\000r\000i\000g\000h\000t}{}% 1
\BOOKMARK [1][-]{section*.3}{\376\377\000D\000e\000d\000i\000c\000a\000t\000i\000o\000n}{}% 2
\BOOKMARK [1][-]{section*.4}{\376\377\000R\000u\000b\000r\000i\000c\000s}{}% 3
\BOOKMARK [1][-]{section*.5}{\376\377\000R\000a\000n\000k\000i\000n\000g\000s\000\040\000o\000f\000\040\000D\000a\000y\000s}{}% 4
\BOOKMARK [1][-]{section*.6}{\376\377\000K\000a\000l\000e\000n\000d\000a\000r\000\040\000o\000f\000\040\000t\000h\000e\000\040\000C\000h\000u\000r\000c\000h\000\040\000Y\000e\000a\000r}{}% 5
\BOOKMARK [0][-]{section*.7}{\376\377\000E\000u\000c\000h\000a\000r\000i\000s\000t\000i\000c\000\040\000D\000e\000v\000o\000t\000i\000o\000n\000s}{}% 6
\BOOKMARK [1][-]{figure.caption.8}{\376\377\000A\000s\000p\000e\000r\000s\000i\000o\000n\000\040\000o\000f\000\040\000t\000h\000e\000\040\000P\000e\000o\000p\000l\000e}{section*.7}% 7
\BOOKMARK [1][-]{figure.caption.8}{\376\377\000P\000r\000a\000y\000e\000r\000s\000\040\000a\000t\000\040\000t\000h\000e\000\040\000F\000o\000o\000t\000\040\000o\000f\000\040\000t\000h\000e\000\040\000A\000l\000t\000a\000r}{section*.7}% 8
\BOOKMARK [0][-]{section*.9}{\376\377\000H\000o\000l\000y\000\040\000M\000a\000s\000s}{}% 9
\BOOKMARK [1][-]{section*.11}{\376\377\000L\000i\000t\000u\000r\000g\000y\000\040\000o\000f\000\040\000S\000t\000.\000\040\000T\000i\000k\000h\000o\000n}{section*.9}% 10
\BOOKMARK [1][-]{figure.caption.17}{\376\377\000P\000r\000e\000-\000C\000o\000m\000m\000u\000n\000i\000o\000n\000\040\000H\000y\000m\000n}{section*.9}% 11
\BOOKMARK [1][-]{figure.caption.17}{\376\377\000P\000r\000e\000f\000a\000c\000e\000s\000\040\000f\000o\000r\000\040\000t\000h\000e\000\040\000M\000a\000s\000s}{section*.9}% 12
\BOOKMARK [0][-]{section*.18}{\376\377\000P\000r\000o\000p\000e\000r\000s\000\040\000o\000f\000\040\000t\000h\000e\000\040\000C\000h\000u\000r\000c\000h\000\040\000Y\000e\000a\000r}{}% 13
\BOOKMARK [1][-]{section*.20}{\376\377\000P\000r\000o\000p\000e\000r\000\040\000o\000f\000\040\000t\000h\000e\000\040\000S\000e\000a\000s\000o\000n\000\040\000\050\000A\000d\000v\000e\000n\000t\000\040\000T\000h\000r\000o\000u\000g\000h\000\040\000P\000a\000s\000s\000t\000i\000o\000n\000t\000i\000d\000e\000\051}{section*.18}% 14
\BOOKMARK [1][-]{section*.22}{\376\377\000H\000o\000l\000y\000\040\000W\000e\000e\000k}{section*.18}% 15
\BOOKMARK [1][-]{section*.23}{\376\377\000P\000r\000o\000p\000e\000r\000\040\000o\000f\000\040\000t\000h\000e\000\040\000S\000e\000a\000s\000o\000n\000\040\000\050\000E\000a\000s\000t\000e\000r\000\040\000T\000h\000r\000o\000u\000g\000h\000\040\000T\000r\000i\000n\000i\000t\000y\000t\000i\000d\000e\000\051}{section*.18}% 16
\BOOKMARK [1][-]{section*.24}{\376\377\000P\000r\000o\000p\000e\000r\000\040\000o\000f\000\040\000S\000a\000i\000n\000t\000s}{section*.18}% 17
\BOOKMARK [1][-]{section*.25}{\376\377\000T\000a\000b\000l\000e\000\040\000o\000f\000\040\000P\000r\000a\000y\000e\000r\000s}{section*.18}% 18
\BOOKMARK [0][-]{section*.26}{\376\377\000C\000o\000m\000m\000o\000n\000s\000\040\000o\000f\000\040\000t\000h\000e\000\040\000S\000a\000i\000n\000t\000s}{}% 19
\BOOKMARK [1][-]{figure.caption.27}{\376\377\000C\000o\000m\000m\000o\000n\000\040\000f\000o\000r\000\040\000A\000p\000o\000s\000t\000l\000e\000s}{section*.26}% 20
\BOOKMARK [1][-]{figure.caption.27}{\376\377\000C\000o\000m\000m\000o\000n\000s\000\040\000f\000o\000r\000\040\000M\000a\000r\000t\000y\000r\000\040\000B\000i\000s\000h\000o\000p\000s}{section*.26}% 21
\BOOKMARK [1][-]{figure.caption.27}{\376\377\000C\000o\000m\000m\000o\000n\000s\000\040\000f\000o\000r\000\040\000a\000\040\000M\000a\000r\000t\000y\000r}{section*.26}% 22
\BOOKMARK [1][-]{figure.caption.27}{\376\377\000C\000o\000m\000m\000o\000n\000s\000\040\000f\000o\000r\000\040\000M\000a\000n\000y\000\040\000M\000a\000r\000t\000y\000r\000s}{section*.26}% 23
\BOOKMARK [1][-]{figure.caption.27}{\376\377\000C\000o\000m\000m\000o\000n\000\040\000f\000o\000r\000\040\000a\000\040\000M\000a\000r\000t\000y\000r\000\040\000o\000r\000\040\000M\000a\000n\000y\000\040\000M\000a\000r\000t\000y\000r\000s\000\040\000i\000n\000\040\000E\000a\000s\000t\000e\000r\000t\000i\000d\000e}{section*.26}% 24
\BOOKMARK [1][-]{figure.caption.27}{\376\377\000C\000o\000m\000m\000o\000n\000s\000\040\000f\000o\000r\000\040\000a\000\040\000C\000o\000n\000f\000e\000s\000s\000o\000r\000\040\000B\000i\000s\000h\000o\000p}{section*.26}% 25
\BOOKMARK [1][-]{figure.caption.27}{\376\377\000C\000o\000m\000m\000o\000n\000s\000\040\000f\000o\000r\000\040\000C\000o\000n\000f\000e\000s\000s\000o\000r\000s}{section*.26}% 26
\BOOKMARK [1][-]{figure.caption.27}{\376\377\000C\000o\000m\000m\000o\000n\000s\000\040\000f\000o\000r\000\040\000V\000i\000r\000g\000i\000n\000\040\000M\000a\000r\000t\000y\000r\000e\000s\000s\000e\000s}{section*.26}% 27
\BOOKMARK [1][-]{figure.caption.27}{\376\377\000C\000o\000m\000m\000o\000n\000s\000\040\000f\000o\000r\000\040\000a\000\040\000V\000i\000r\000g\000i\000n}{section*.26}% 28
\BOOKMARK [1][-]{figure.caption.27}{\376\377\000C\000o\000m\000m\000o\000n\000s\000\040\000f\000o\000r\000\040\000H\000o\000l\000y\000\040\000W\000o\000m\000e\000n\000\040\000n\000o\000t\000\040\000V\000i\000r\000g\000i\000n\000s}{section*.26}% 29
\BOOKMARK [1][-]{figure.caption.27}{\376\377\000O\000t\000h\000e\000r\000\040\000C\000o\000m\000m\000o\000n\000s\000\040\000D\000e\000a\000r\000\040\000t\000o\000\040\000C\000h\000r\000i\000s\000t}{section*.26}% 30
\BOOKMARK [0][-]{section*.28}{\376\377\000V\000o\000t\000i\000v\000e\000\040\000M\000a\000s\000s\000e\000s}{}% 31
\BOOKMARK [1][-]{figure.caption.29}{\376\377\000O\000u\000r\000\040\000L\000a\000d\000y\000\040\000o\000n\000\040\000S\000a\000t\000u\000r\000d\000a\000y}{section*.28}% 32
\BOOKMARK [1][-]{figure.caption.29}{\376\377\000V\000o\000t\000i\000v\000e\000\040\000M\000a\000s\000s\000e\000s\000\040\000T\000h\000r\000o\000u\000g\000h\000o\000u\000t\000\040\000t\000h\000e\000\040\000W\000e\000e\000k}{section*.28}% 33
\BOOKMARK [1][-]{figure.caption.29}{\376\377\000V\000o\000t\000i\000v\000e\000\040\000M\000a\000s\000s\000e\000s\000\040\000f\000o\000r\000\040\000V\000a\000r\000i\000o\000u\000s\000\040\000O\000b\000j\000e\000c\000t\000s}{section*.28}% 34
\BOOKMARK [1][-]{figure.caption.29}{\376\377\000M\000a\000s\000s\000e\000s\000\040\000f\000o\000r\000\040\000t\000h\000e\000\040\000D\000e\000a\000d}{section*.28}% 35
